<?xml version="1.0" encoding="UTF-8"?>
<testsuite xmlns:xsi="http://www.w3.org/2001/XMLSchema-instance" xsi:noNamespaceSchemaLocation="https://maven.apache.org/surefire/maven-surefire-plugin/xsd/surefire-test-report.xsd" name="es.codeurjc.ais.tictactoe.Test1" time="2.003" tests="6" errors="0" skipped="0" failures="0">
  <properties>
[...]
</properties>
  <testcase name="testDraw" classname="es.codeurjc.ais.tictactoe.Test1" time="0.181"/>
  <testcase name="testchekifcellswinner_Player1" classname="es.codeurjc.ais.tictactoe.Test1" time="0.01"/>
  <testcase name="testchekifcellswinner_Player2" classname="es.codeurjc.ais.tictactoe.Test1" time="0.001"/>
  <testcase name="TicTacToeGame_TestGana1{int}[1]" classname="es.codeurjc.ais.tictactoe.Test1" time="1.801"/>
  <testcase name="TicTacToeGame_TestGana1{int}[2]" classname="es.codeurjc.ais.tictactoe.Test1" time="0.003"/>
  <testcase name="TicTacToeGame_TestGana1{int}[3]" classname="es.codeurjc.ais.tictactoe.Test1" time="0.002"/>
</testsuite>